<?xml version="1.0" encoding="UTF-8"?>
<coverage generated="1730898976906" clover="3.2.0">
  <project timestamp="1730898976906" name="All files">
    <metrics statements="13" coveredstatements="12" conditionals="8" coveredconditionals="7" methods="2" coveredmethods="2" elements="23" coveredelements="21" complexity="0" loc="13" ncloc="13" packages="1" files="1" classes="1"/>
    <file name="credit-card-vslidator.js" path="/home/arslan/Desktop/module-js/Module-JS1/week-4/implement/credit-card-vslidator.js">
      <metrics statements="13" coveredstatements="12" conditionals="8" coveredconditionals="7" methods="2" coveredmethods="2"/>
      <line num="2" count="10" type="stmt"/>
      <line num="3" count="10" type="cond" truecount="2" falsecount="0"/>
      <line num="4" count="3" type="stmt"/>
      <line num="6" count="7" type="stmt"/>
      <line num="7" count="7" type="cond" truecount="2" falsecount="0"/>
      <line num="8" count="2" type="stmt"/>
      <line num="10" count="5" type="cond" truecount="2" falsecount="0"/>
      <line num="11" count="2" type="stmt"/>
      <line num="13" count="48" type="stmt"/>
      <line num="14" count="3" type="cond" truecount="1" falsecount="1"/>
      <line num="15" count="0" type="stmt"/>
      <line num="17" count="3" type="stmt"/>
      <line num="19" count="1" type="stmt"/>
    </file>
  </project>
</coverage>
